<?xml version="1.0" encoding="UTF-8"?>
<testsuite xmlns:xsi="http://www.w3.org/2001/XMLSchema-instance" xsi:noNamespaceSchemaLocation="https://maven.apache.org/surefire/maven-surefire-plugin/xsd/surefire-test-report.xsd" name="com.softserve.itacademy.repository.RoleRepositoryTests" time="1.566" tests="1" errors="0" skipped="0" failures="1">
  <properties>
[...]
</properties>
  <testcase name="createRole" classname="com.softserve.itacademy.repository.RoleRepositoryTests" time="0.04">
    <failure message="expected: &lt;10&gt; but was: &lt;102&gt;" type="org.opentest4j.AssertionFailedError"><![CDATA[org.opentest4j.AssertionFailedError: expected: <10> but was: <102>
	at com.softserve.itacademy.repository.RoleRepositoryTests.createRole(RoleRepositoryTests.java:29)
]]></failure>
    <system-out><![CDATA[2023-08-05 12:59:31.985  INFO 5228 --- [           main] b.t.a.o.j.DataJpaTestContextBootstrapper : Neither @ContextConfiguration nor @ContextHierarchy found for test class [com.softserve.itacademy.repository.RoleRepositoryTests], using SpringBootContextLoader
2023-08-05 12:59:31.987  INFO 5228 --- [           main] o.s.t.c.support.AbstractContextLoader    : Could not detect default resource locations for test class [com.softserve.itacademy.repository.RoleRepositoryTests]: no resource found for suffixes {-context.xml, Context.groovy}.
2023-08-05 12:59:31.988  INFO 5228 --- [           main] t.c.s.AnnotationConfigContextLoaderUtils : Could not detect default configuration classes for test class [com.softserve.itacademy.repository.RoleRepositoryTests]: RoleRepositoryTests does not declare any static, non-private, non-final, nested classes annotated with @Configuration.
2023-08-05 12:59:32.014  INFO 5228 --- [           main] .b.t.c.SpringBootTestContextBootstrapper : Found @SpringBootConfiguration com.softserve.itacademy.ToDoListApplication for test class com.softserve.itacademy.repository.RoleRepositoryTests
2023-08-05 12:59:32.015  INFO 5228 --- [           main] b.t.a.o.j.DataJpaTestContextBootstrapper : Loaded default TestExecutionListener class names from location [META-INF/spring.factories]: [org.springframework.boot.test.mock.mockito.MockitoTestExecutionListener, org.springframework.boot.test.mock.mockito.ResetMocksTestExecutionListener, org.springframework.boot.test.autoconfigure.restdocs.RestDocsTestExecutionListener, org.springframework.boot.test.autoconfigure.web.client.MockRestServiceServerResetTestExecutionListener, org.springframework.boot.test.autoconfigure.web.servlet.MockMvcPrintOnlyOnFailureTestExecutionListener, org.springframework.boot.test.autoconfigure.web.servlet.WebDriverTestExecutionListener, org.springframework.boot.test.autoconfigure.webservices.client.MockWebServiceServerTestExecutionListener, org.springframework.test.context.web.ServletTestExecutionListener, org.springframework.test.context.support.DirtiesContextBeforeModesTestExecutionListener, org.springframework.test.context.support.DependencyInjectionTestExecutionListener, org.springframework.test.context.support.DirtiesContextTestExecutionListener, org.springframework.test.context.transaction.TransactionalTestExecutionListener, org.springframework.test.context.jdbc.SqlScriptsTestExecutionListener, org.springframework.test.context.event.EventPublishingTestExecutionListener]
2023-08-05 12:59:32.028  INFO 5228 --- [           main] b.t.a.o.j.DataJpaTestContextBootstrapper : Using TestExecutionListeners: [org.springframework.test.context.support.DirtiesContextBeforeModesTestExecutionListener@35e246b2, org.springframework.boot.test.mock.mockito.MockitoTestExecutionListener@c4b2c69, org.springframework.boot.test.autoconfigure.SpringBootDependencyInjectionTestExecutionListener@70c3b62b, org.springframework.test.context.support.DirtiesContextTestExecutionListener@316b0194, org.springframework.test.context.transaction.TransactionalTestExecutionListener@169b16dd, org.springframework.test.context.jdbc.SqlScriptsTestExecutionListener@43664803, org.springframework.test.context.event.EventPublishingTestExecutionListener@2e79dcaa, org.springframework.boot.test.mock.mockito.ResetMocksTestExecutionListener@47f71f50, org.springframework.boot.test.autoconfigure.restdocs.RestDocsTestExecutionListener@994d48d, org.springframework.boot.test.autoconfigure.web.client.MockRestServiceServerResetTestExecutionListener@78c3b3ec, org.springframework.boot.test.autoconfigure.web.servlet.MockMvcPrintOnlyOnFailureTestExecutionListener@18bfbcd2, org.springframework.boot.test.autoconfigure.web.servlet.WebDriverTestExecutionListener@67cd2d0a, org.springframework.boot.test.autoconfigure.webservices.client.MockWebServiceServerTestExecutionListener@48d2adc2]

  .   ____          _            __ _ _
 /\\ / ___'_ __ _ _(_)_ __  __ _ \ \ \ \
( ( )\___ | '_ | '_| | '_ \/ _` | \ \ \ \
 \\/  ___)| |_)| | | | | || (_| |  ) ) ) )
  '  |____| .__|_| |_|_| |_\__, | / / / /
 =========|_|==============|___/=/_/_/_/
 :: Spring Boot ::        (v2.3.3.RELEASE)

2023-08-05 12:59:32.095  INFO 5228 --- [           main] c.s.i.repository.RoleRepositoryTests     : Starting RoleRepositoryTests on DESKTOP-LDRFUTJ with PID 5228 (started by user in G:\IdeaProjects\jom_spring_hibernate_1_22-m14_s11_team_2_04)
2023-08-05 12:59:32.096  INFO 5228 --- [           main] c.s.i.repository.RoleRepositoryTests     : No active profile set, falling back to default profiles: default
2023-08-05 12:59:32.246  INFO 5228 --- [           main] .s.d.r.c.RepositoryConfigurationDelegate : Bootstrapping Spring Data JPA repositories in LAZY mode.
2023-08-05 12:59:32.267  INFO 5228 --- [           main] .s.d.r.c.RepositoryConfigurationDelegate : Finished Spring Data repository scanning in 19ms. Found 5 JPA repository interfaces.
2023-08-05 12:59:32.292  INFO 5228 --- [           main] beddedDataSourceBeanFactoryPostProcessor : Replacing 'dataSource' DataSource bean with embedded version
2023-08-05 12:59:32.331  INFO 5228 --- [           main] o.s.j.d.e.EmbeddedDatabaseFactory        : Starting embedded database: url='jdbc:h2:mem:d8bdb5a6-7b8b-42cd-ba43-076b5adfb0b2;DB_CLOSE_DELAY=-1;DB_CLOSE_ON_EXIT=false', username='sa'
2023-08-05 12:59:32.910  INFO 5228 --- [           main] o.hibernate.jpa.internal.util.LogHelper  : HHH000204: Processing PersistenceUnitInfo [name: default]
2023-08-05 12:59:32.923  INFO 5228 --- [           main] org.hibernate.dialect.Dialect            : HHH000400: Using dialect: org.hibernate.dialect.PostgreSQL95Dialect
Hibernate: alter table if exists tasks drop constraint if exists FKpm8o7r3k2d06eqaehxvdddfah
Hibernate: alter table if exists tasks drop constraint if exists FKndwtm2u4rdwdvsox5x3ulo80p
Hibernate: alter table if exists todo_collaborator drop constraint if exists FKgw0k0aw4m2ovpyfl30h2wmoxd
Hibernate: alter table if exists todo_collaborator drop constraint if exists FK2an385byaawdel6f0svpt1igp
Hibernate: alter table if exists todos drop constraint if exists FKk1l4pem9qwnplbmfwhbsjoccs
Hibernate: alter table if exists users drop constraint if exists FKp56c1712k691lhsyewcssf40f
Hibernate: drop table if exists roles cascade
Hibernate: drop table if exists states cascade
Hibernate: drop table if exists tasks cascade
Hibernate: drop table if exists todo_collaborator cascade
Hibernate: drop table if exists todos cascade
Hibernate: drop table if exists users cascade
Hibernate: drop sequence if exists role_sequence
Hibernate: create sequence role_sequence start 100 increment 1
Hibernate: create table roles (id int8 not null, name varchar(255) not null, primary key (id))
Hibernate: create table states (id int8 not null, name varchar(20), primary key (id))
Hibernate: create table tasks (id int8 not null, name varchar(200), priority varchar(255) not null, state_id int8 not null, todo_id int8 not null, primary key (id))
Hibernate: create table todo_collaborator (todo_id int8 not null, collaborator_id int8 not null, primary key (todo_id, collaborator_id))
Hibernate: create table todos (id int8 not null, created_at timestamp, title varchar(255) not null, owner_id int8 not null, primary key (id))
Hibernate: create table users (id int8 not null, email varchar(255), first_name varchar(255), last_name varchar(255), password varchar(255), role_id int8 not null, primary key (id))
Hibernate: alter table if exists roles add constraint UK_ofx66keruapi6vyqpv6f2or37 unique (name)
Hibernate: alter table if exists todos add constraint UK_c14g1nqfdaaixe1nyw25h3t0n unique (title)
Hibernate: alter table if exists tasks add constraint FKpm8o7r3k2d06eqaehxvdddfah foreign key (state_id) references states
Hibernate: alter table if exists tasks add constraint FKndwtm2u4rdwdvsox5x3ulo80p foreign key (todo_id) references todos
Hibernate: alter table if exists todo_collaborator add constraint FKgw0k0aw4m2ovpyfl30h2wmoxd foreign key (collaborator_id) references users
Hibernate: alter table if exists todo_collaborator add constraint FK2an385byaawdel6f0svpt1igp foreign key (todo_id) references todos
Hibernate: alter table if exists todos add constraint FKk1l4pem9qwnplbmfwhbsjoccs foreign key (owner_id) references users
Hibernate: alter table if exists users add constraint FKp56c1712k691lhsyewcssf40f foreign key (role_id) references roles
2023-08-05 12:59:33.276  INFO 5228 --- [           main] o.h.e.t.j.p.i.JtaPlatformInitiator       : HHH000490: Using JtaPlatform implementation: [org.hibernate.engine.transaction.jta.platform.internal.NoJtaPlatform]
2023-08-05 12:59:33.277  INFO 5228 --- [           main] j.LocalContainerEntityManagerFactoryBean : Initialized JPA EntityManagerFactory for persistence unit 'default'
2023-08-05 12:59:33.376  INFO 5228 --- [           main] c.s.i.repository.RoleRepositoryTests     : Started RoleRepositoryTests in 1.345 seconds (JVM running for 11.837)
Running Spring Boot Application
Hibernate: select nextval ('role_sequence')
Hibernate: insert into users (email, first_name, last_name, password, role_id, id) values (?, ?, ?, ?, ?, ?)
Hibernate: select nextval ('role_sequence')
Hibernate: insert into todos (created_at, owner_id, title, id) values (?, ?, ?, ?)
true
2023-08-05 12:59:33.513  INFO 5228 --- [           main] o.s.t.c.transaction.TransactionContext   : Began transaction (1) for test context [DefaultTestContext@534a1469 testClass = RoleRepositoryTests, testInstance = com.softserve.itacademy.repository.RoleRepositoryTests@2dcb9429, testMethod = createRole@RoleRepositoryTests, testException = [null], mergedContextConfiguration = [MergedContextConfiguration@468242ef testClass = RoleRepositoryTests, locations = '{}', classes = '{class com.softserve.itacademy.ToDoListApplication}', contextInitializerClasses = '[]', activeProfiles = '{}', propertySourceLocations = '{}', propertySourceProperties = '{org.springframework.boot.test.autoconfigure.orm.jpa.DataJpaTestContextBootstrapper=true}', contextCustomizers = set[[ImportsContextCustomizer@41af75e1 key = [org.springframework.boot.autoconfigure.cache.CacheAutoConfiguration, org.springframework.boot.autoconfigure.data.jpa.JpaRepositoriesAutoConfiguration, org.springframework.boot.autoconfigure.flyway.FlywayAutoConfiguration, org.springframework.boot.autoconfigure.jdbc.DataSourceAutoConfiguration, org.springframework.boot.autoconfigure.jdbc.DataSourceTransactionManagerAutoConfiguration, org.springframework.boot.autoconfigure.jdbc.JdbcTemplateAutoConfiguration, org.springframework.boot.autoconfigure.liquibase.LiquibaseAutoConfiguration, org.springframework.boot.autoconfigure.orm.jpa.HibernateJpaAutoConfiguration, org.springframework.boot.autoconfigure.transaction.TransactionAutoConfiguration, org.springframework.boot.test.autoconfigure.jdbc.TestDatabaseAutoConfiguration, org.springframework.boot.test.autoconfigure.orm.jpa.TestEntityManagerAutoConfiguration]], org.springframework.boot.test.context.filter.ExcludeFilterContextCustomizer@62b57479, org.springframework.boot.test.json.DuplicateJsonObjectContextCustomizerFactory$DuplicateJsonObjectContextCustomizer@36068727, org.springframework.boot.test.mock.mockito.MockitoContextCustomizer@0, org.springframework.boot.test.autoconfigure.OverrideAutoConfigurationContextCustomizerFactory$DisableAutoConfigurationContextCustomizer@517c30f, org.springframework.boot.test.autoconfigure.filter.TypeExcludeFiltersContextCustomizer@351584c0, org.springframework.boot.test.autoconfigure.properties.PropertyMappingContextCustomizer@4766aefa, org.springframework.boot.test.autoconfigure.web.servlet.WebDriverContextCustomizerFactory$Customizer@122635ef, org.springframework.boot.test.context.SpringBootTestArgs@1], contextLoader = 'org.springframework.boot.test.context.SpringBootContextLoader', parent = [null]], attributes = map[[empty]]]; transaction manager [org.springframework.orm.jpa.JpaTransactionManager@388cccaf]; rollback [true]
Hibernate: select nextval ('role_sequence')
2023-08-05 12:59:33.530  INFO 5228 --- [           main] o.s.t.c.transaction.TransactionContext   : Rolled back transaction for test: [DefaultTestContext@534a1469 testClass = RoleRepositoryTests, testInstance = com.softserve.itacademy.repository.RoleRepositoryTests@2dcb9429, testMethod = createRole@RoleRepositoryTests, testException = org.opentest4j.AssertionFailedError: expected: <10> but was: <102>, mergedContextConfiguration = [MergedContextConfiguration@468242ef testClass = RoleRepositoryTests, locations = '{}', classes = '{class com.softserve.itacademy.ToDoListApplication}', contextInitializerClasses = '[]', activeProfiles = '{}', propertySourceLocations = '{}', propertySourceProperties = '{org.springframework.boot.test.autoconfigure.orm.jpa.DataJpaTestContextBootstrapper=true}', contextCustomizers = set[[ImportsContextCustomizer@41af75e1 key = [org.springframework.boot.autoconfigure.cache.CacheAutoConfiguration, org.springframework.boot.autoconfigure.data.jpa.JpaRepositoriesAutoConfiguration, org.springframework.boot.autoconfigure.flyway.FlywayAutoConfiguration, org.springframework.boot.autoconfigure.jdbc.DataSourceAutoConfiguration, org.springframework.boot.autoconfigure.jdbc.DataSourceTransactionManagerAutoConfiguration, org.springframework.boot.autoconfigure.jdbc.JdbcTemplateAutoConfiguration, org.springframework.boot.autoconfigure.liquibase.LiquibaseAutoConfiguration, org.springframework.boot.autoconfigure.orm.jpa.HibernateJpaAutoConfiguration, org.springframework.boot.autoconfigure.transaction.TransactionAutoConfiguration, org.springframework.boot.test.autoconfigure.jdbc.TestDatabaseAutoConfiguration, org.springframework.boot.test.autoconfigure.orm.jpa.TestEntityManagerAutoConfiguration]], org.springframework.boot.test.context.filter.ExcludeFilterContextCustomizer@62b57479, org.springframework.boot.test.json.DuplicateJsonObjectContextCustomizerFactory$DuplicateJsonObjectContextCustomizer@36068727, org.springframework.boot.test.mock.mockito.MockitoContextCustomizer@0, org.springframework.boot.test.autoconfigure.OverrideAutoConfigurationContextCustomizerFactory$DisableAutoConfigurationContextCustomizer@517c30f, org.springframework.boot.test.autoconfigure.filter.TypeExcludeFiltersContextCustomizer@351584c0, org.springframework.boot.test.autoconfigure.properties.PropertyMappingContextCustomizer@4766aefa, org.springframework.boot.test.autoconfigure.web.servlet.WebDriverContextCustomizerFactory$Customizer@122635ef, org.springframework.boot.test.context.SpringBootTestArgs@1], contextLoader = 'org.springframework.boot.test.context.SpringBootContextLoader', parent = [null]], attributes = map[[empty]]]
]]></system-out>
  </testcase>
</testsuite>